# Logfile created on 2014-02-17 18:20:34 +0700 by logger.rb/44203
I, [2014-02-17T18:20:34.069329 #77338]  INFO -- : 0:  rake (10.1.1) from /Users/razum2um/.rvm/gems/ruby-2.1.0/specifications/rake-10.1.1.gemspec
I, [2014-02-17T18:20:34.070064 #77338]  INFO -- : 0:  i18n (0.6.9) from /Users/razum2um/.rvm/gems/ruby-2.1.0/specifications/i18n-0.6.9.gemspec
I, [2014-02-17T18:20:34.070715 #77338]  INFO -- : 0:  minitest (4.7.5) from /Users/razum2um/.rvm/rubies/ruby-2.1.0/lib/ruby/gems/2.1.0/specifications/default/minitest-4.7.5.gemspec
I, [2014-02-17T18:20:34.071314 #77338]  INFO -- : 0:  multi_json (1.8.4) from /Users/razum2um/.rvm/gems/ruby-2.1.0/specifications/multi_json-1.8.4.gemspec
I, [2014-02-17T18:20:34.071892 #77338]  INFO -- : 0:  atomic (1.1.14) from /Users/razum2um/.rvm/gems/ruby-2.1.0/specifications/atomic-1.1.14.gemspec
I, [2014-02-17T18:20:34.072363 #77338]  INFO -- : 0:  thread_safe (0.1.3) from /Users/razum2um/.rvm/gems/ruby-2.1.0/specifications/thread_safe-0.1.3.gemspec
I, [2014-02-17T18:20:34.072849 #77338]  INFO -- : 0:  tzinfo (0.3.38) from /Users/razum2um/.rvm/gems/ruby-2.1.0/specifications/tzinfo-0.3.38.gemspec
I, [2014-02-17T18:20:34.073390 #77338]  INFO -- : 0:  activesupport (4.0.2) from /Users/razum2um/.rvm/gems/ruby-2.1.0/specifications/activesupport-4.0.2.gemspec
I, [2014-02-17T18:20:34.073902 #77338]  INFO -- : 0:  builder (3.1.4) from /Users/razum2um/.rvm/gems/ruby-2.1.0/specifications/builder-3.1.4.gemspec
I, [2014-02-17T18:20:34.074259 #77338]  INFO -- : 0:  erubis (2.7.0) from /Users/razum2um/.rvm/gems/ruby-2.1.0/specifications/erubis-2.7.0.gemspec
I, [2014-02-17T18:20:34.074625 #77338]  INFO -- : 0:  rack (1.5.2) from /Users/razum2um/.rvm/gems/ruby-2.1.0/specifications/rack-1.5.2.gemspec
I, [2014-02-17T18:20:34.074981 #77338]  INFO -- : 0:  rack-test (0.6.2) from /Users/razum2um/.rvm/gems/ruby-2.1.0/specifications/rack-test-0.6.2.gemspec
I, [2014-02-17T18:20:34.075338 #77338]  INFO -- : 0:  actionpack (4.0.2) from /Users/razum2um/.rvm/gems/ruby-2.1.0/specifications/actionpack-4.0.2.gemspec
I, [2014-02-17T18:20:34.075702 #77338]  INFO -- : 0:  debug_inspector (0.0.2) from /Users/razum2um/.rvm/gems/ruby-2.1.0/specifications/debug_inspector-0.0.2.gemspec
I, [2014-02-17T18:20:34.076048 #77338]  INFO -- : 0:  binding_of_caller (0.7.2) from /Users/razum2um/.rvm/gems/ruby-2.1.0/specifications/binding_of_caller-0.7.2.gemspec
I, [2014-02-17T18:20:34.076408 #77338]  INFO -- : 0:  sass (3.2.14) from /Users/razum2um/.rvm/gems/ruby-2.1.0/specifications/sass-3.2.14.gemspec
I, [2014-02-17T18:20:34.076754 #77338]  INFO -- : 0:  bootstrap-sass (2.3.2.2) from /Users/razum2um/.rvm/gems/ruby-2.1.0/specifications/bootstrap-sass-2.3.2.2.gemspec
I, [2014-02-17T18:20:34.077134 #77338]  INFO -- : 0:  parallel (0.9.2) from /Users/razum2um/.rvm/gems/ruby-2.1.0/specifications/parallel-0.9.2.gemspec
I, [2014-02-17T18:20:34.077449 #77338]  INFO -- : 0:  cane (2.6.1) from /Users/razum2um/.rvm/gems/ruby-2.1.0/specifications/cane-2.6.1.gemspec
I, [2014-02-17T18:20:34.077779 #77338]  INFO -- : 0:  timers (1.1.0) from /Users/razum2um/.rvm/gems/ruby-2.1.0/specifications/timers-1.1.0.gemspec
I, [2014-02-17T18:20:34.078103 #77338]  INFO -- : 0:  celluloid (0.15.2) from /Users/razum2um/.rvm/gems/ruby-2.1.0/specifications/celluloid-0.15.2.gemspec
I, [2014-02-17T18:20:34.078416 #77338]  INFO -- : 0:  nio4r (1.0.0) from /Users/razum2um/.rvm/gems/ruby-2.1.0/specifications/nio4r-1.0.0.gemspec
I, [2014-02-17T18:20:34.078744 #77338]  INFO -- : 0:  celluloid-io (0.15.0) from /Users/razum2um/.rvm/gems/ruby-2.1.0/specifications/celluloid-io-0.15.0.gemspec
I, [2014-02-17T18:20:34.079193 #77338]  INFO -- : 0:  coderay (1.1.0) from /Users/razum2um/.rvm/gems/ruby-2.1.0/specifications/coderay-1.1.0.gemspec
I, [2014-02-17T18:20:34.079571 #77338]  INFO -- : 0:  columnize (0.3.6) from /Users/razum2um/.rvm/gems/ruby-2.1.0/specifications/columnize-0.3.6.gemspec
I, [2014-02-17T18:20:34.079897 #77338]  INFO -- : 0:  debugger-linecache (1.2.0) from /Users/razum2um/.rvm/gems/ruby-2.1.0/specifications/debugger-linecache-1.2.0.gemspec
I, [2014-02-17T18:20:34.080254 #77338]  INFO -- : 0:  debugger-ruby_core_source (1.3.1) from /Users/razum2um/.rvm/gems/ruby-2.1.0/specifications/debugger-ruby_core_source-1.3.1.gemspec
I, [2014-02-17T18:20:34.080612 #77338]  INFO -- : 0:  debugger (1.6.5) from /Users/razum2um/.rvm/gems/ruby-2.1.0/specifications/debugger-1.6.5.gemspec
I, [2014-02-17T18:20:34.080957 #77338]  INFO -- : 0:  diff-lcs (1.2.5) from /Users/razum2um/.rvm/gems/ruby-2.1.0/specifications/diff-lcs-1.2.5.gemspec
I, [2014-02-17T18:20:34.081284 #77338]  INFO -- : 0:  hashie (2.0.5) from /Users/razum2um/.rvm/gems/ruby-2.1.0/specifications/hashie-2.0.5.gemspec
I, [2014-02-17T18:20:34.081579 #77338]  INFO -- : 0:  json (1.8.1) from /Users/razum2um/.rvm/rubies/ruby-2.1.0/lib/ruby/gems/2.1.0/specifications/default/json-1.8.1.gemspec
I, [2014-02-17T18:20:34.081897 #77338]  INFO -- : 0:  json-schema (2.2.1) from /Users/razum2um/.rvm/gems/ruby-2.1.0/specifications/json-schema-2.2.1.gemspec
I, [2014-02-17T18:20:37.055841 #77338]  INFO -- : 0:  kramdown (1.3.2) from /Users/razum2um/.rvm/gems/ruby-2.1.0/specifications/kramdown-1.3.2.gemspec
I, [2014-02-17T18:20:37.056527 #77338]  INFO -- : 0:  thor (0.18.1) from /Users/razum2um/.rvm/gems/ruby-2.1.0/specifications/thor-0.18.1.gemspec
I, [2014-02-17T18:20:37.284702 #77338]  INFO -- : 0:  fdoc (0.3.1) from /Users/razum2um/Code/fdoc/fdoc.gemspec
I, [2014-02-17T18:20:37.285445 #77338]  INFO -- : 0:  ffi (1.9.3) from /Users/razum2um/.rvm/gems/ruby-2.1.0/specifications/ffi-1.9.3.gemspec
I, [2014-02-17T18:20:37.286073 #77338]  INFO -- : 0:  formatador (0.2.4) from /Users/razum2um/.rvm/gems/ruby-2.1.0/specifications/formatador-0.2.4.gemspec
I, [2014-02-17T18:20:37.286736 #77338]  INFO -- : 0:  rb-fsevent (0.9.4) from /Users/razum2um/.rvm/gems/ruby-2.1.0/specifications/rb-fsevent-0.9.4.gemspec
I, [2014-02-17T18:20:37.287396 #77338]  INFO -- : 0:  rb-inotify (0.9.3) from /Users/razum2um/.rvm/gems/ruby-2.1.0/specifications/rb-inotify-0.9.3.gemspec
I, [2014-02-17T18:20:37.288075 #77338]  INFO -- : 0:  listen (2.5.0) from /Users/razum2um/.rvm/gems/ruby-2.1.0/specifications/listen-2.5.0.gemspec
I, [2014-02-17T18:20:37.288521 #77338]  INFO -- : 0:  lumberjack (1.0.4) from /Users/razum2um/.rvm/gems/ruby-2.1.0/specifications/lumberjack-1.0.4.gemspec
I, [2014-02-17T18:20:37.288906 #77338]  INFO -- : 0:  method_source (0.8.2) from /Users/razum2um/.rvm/gems/ruby-2.1.0/specifications/method_source-0.8.2.gemspec
I, [2014-02-17T18:20:37.289306 #77338]  INFO -- : 0:  slop (3.4.7) from /Users/razum2um/.rvm/gems/ruby-2.1.0/specifications/slop-3.4.7.gemspec
I, [2014-02-17T18:20:37.289710 #77338]  INFO -- : 0:  pry (0.9.12.6) from /Users/razum2um/.rvm/gems/ruby-2.1.0/specifications/pry-0.9.12.6.gemspec
I, [2014-02-17T18:20:37.290124 #77338]  INFO -- : 0:  guard (2.4.0) from /Users/razum2um/.rvm/gems/ruby-2.1.0/specifications/guard-2.4.0.gemspec
I, [2014-02-17T18:20:37.290547 #77338]  INFO -- : 0:  rspec-core (2.14.7) from /Users/razum2um/.rvm/gems/ruby-2.1.0/specifications/rspec-core-2.14.7.gemspec
I, [2014-02-17T18:20:37.291039 #77338]  INFO -- : 0:  rspec-expectations (2.14.5) from /Users/razum2um/.rvm/gems/ruby-2.1.0/specifications/rspec-expectations-2.14.5.gemspec
I, [2014-02-17T18:20:37.291475 #77338]  INFO -- : 0:  rspec-mocks (2.14.5) from /Users/razum2um/.rvm/gems/ruby-2.1.0/specifications/rspec-mocks-2.14.5.gemspec
I, [2014-02-17T18:20:37.291880 #77338]  INFO -- : 0:  rspec (2.14.1) from /Users/razum2um/.rvm/gems/ruby-2.1.0/specifications/rspec-2.14.1.gemspec
I, [2014-02-17T18:20:37.292499 #77338]  INFO -- : 0:  guard-rspec (4.2.6) from /Users/razum2um/.rvm/gems/ruby-2.1.0/specifications/guard-rspec-4.2.6.gemspec
I, [2014-02-17T18:20:37.293115 #77338]  INFO -- : 0:  hike (1.2.3) from /Users/razum2um/.rvm/gems/ruby-2.1.0/specifications/hike-1.2.3.gemspec
I, [2014-02-17T18:20:37.293915 #77338]  INFO -- : 0:  railties (4.0.2) from /Users/razum2um/.rvm/gems/ruby-2.1.0/specifications/railties-4.0.2.gemspec
I, [2014-02-17T18:20:37.294579 #77338]  INFO -- : 0:  jquery-rails (3.1.0) from /Users/razum2um/.rvm/gems/ruby-2.1.0/specifications/jquery-rails-3.1.0.gemspec
I, [2014-02-17T18:20:37.295241 #77338]  INFO -- : 0:  mini_portile (0.5.2) from /Users/razum2um/.rvm/gems/ruby-2.1.0/specifications/mini_portile-0.5.2.gemspec
I, [2014-02-17T18:20:37.295803 #77338]  INFO -- : 0:  nokogiri (1.6.1) from /Users/razum2um/.rvm/gems/ruby-2.1.0/specifications/nokogiri-1.6.1.gemspec
I, [2014-02-17T18:20:37.296356 #77338]  INFO -- : 0:  pry-debugger (0.2.2) from /Users/razum2um/.rvm/gems/ruby-2.1.0/specifications/pry-debugger-0.2.2.gemspec
I, [2014-02-17T18:20:39.165238 #77338]  INFO -- : 0:  pry-stack_explorer (0.4.9.1) from /Users/razum2um/.rvm/gems/ruby-2.1.0/specifications/pry-stack_explorer-0.4.9.1.gemspec
I, [2014-02-17T18:20:39.168496 #77338]  INFO -- : 0:  remotipart (1.2.1) from /Users/razum2um/.rvm/gems/ruby-2.1.0/specifications/remotipart-1.2.1.gemspec
I, [2014-02-17T18:20:39.169260 #77338]  INFO -- : 0:  tilt (1.4.1) from /Users/razum2um/.rvm/gems/ruby-2.1.0/specifications/tilt-1.4.1.gemspec
I, [2014-02-17T18:20:39.169603 #77338]  INFO -- : 0:  sprockets (2.10.1) from /Users/razum2um/.rvm/gems/ruby-2.1.0/specifications/sprockets-2.10.1.gemspec
I, [2014-02-17T18:20:39.169923 #77338]  INFO -- : 0:  bundler (1.5.1) from /Users/razum2um/.rvm/gems/ruby-2.1.0/specifications/bundler-1.5.1.gemspec
